<?xml version="1.0" encoding="UTF-8"?>
<testng-results ignored="0" total="1" passed="1" failed="0" skipped="0">
  <reporter-output>
  </reporter-output>
  <suite started-at="2024-09-19T20:36:17 IST" name="Default suite" finished-at="2024-09-19T20:36:36 IST" duration-ms="18634">
    <groups>
    </groups>
    <test started-at="2024-09-19T20:36:17 IST" name="Default test" finished-at="2024-09-19T20:36:36 IST" duration-ms="18634">
      <class name="CustomerCreate.CustomerCreate.CustomerCreate">
        <test-method is-config="true" signature="setUp()[pri:0, instance:CustomerCreate.CustomerCreate.CustomerCreate@776aec5c]" started-at="2024-09-19T20:36:17 IST" name="setUp" finished-at="2024-09-19T20:36:30 IST" duration-ms="12515" status="PASS">
          <reporter-output>
          </reporter-output>
        </test-method> <!-- setUp -->
        <test-method signature="OpenUrl()[pri:0, instance:CustomerCreate.CustomerCreate.CustomerCreate@776aec5c]" started-at="2024-09-19T20:36:30 IST" name="OpenUrl" finished-at="2024-09-19T20:36:34 IST" duration-ms="3802" status="PASS">
          <reporter-output>
          </reporter-output>
        </test-method> <!-- OpenUrl -->
        <test-method is-config="true" signature="tearDown()[pri:0, instance:CustomerCreate.CustomerCreate.CustomerCreate@776aec5c]" started-at="2024-09-19T20:36:34 IST" name="tearDown" finished-at="2024-09-19T20:36:36 IST" duration-ms="2230" status="PASS">
          <reporter-output>
          </reporter-output>
        </test-method> <!-- tearDown -->
      </class> <!-- CustomerCreate.CustomerCreate.CustomerCreate -->
    </test> <!-- Default test -->
  </suite> <!-- Default suite -->
</testng-results>
