<?xml version="1.0" encoding="UTF-8"?>
<testng-results ignored="0" total="1" passed="1" failed="0" skipped="0">
  <reporter-output>
  </reporter-output>
  <suite started-at="2024-09-20T16:40:18 IST" name="Default suite" finished-at="2024-09-20T16:40:40 IST" duration-ms="21516">
    <groups>
    </groups>
    <test started-at="2024-09-20T16:40:18 IST" name="Default test" finished-at="2024-09-20T16:40:40 IST" duration-ms="21516">
      <class name="CustomerCreate.CustomerCreate.CustomerCreate">
        <test-method is-config="true" signature="setUp()[pri:0, instance:CustomerCreate.CustomerCreate.CustomerCreate@44c03695]" started-at="2024-09-20T16:40:18 IST" name="setUp" finished-at="2024-09-20T16:40:33 IST" duration-ms="14777" status="PASS">
          <reporter-output>
          </reporter-output>
        </test-method> <!-- setUp -->
        <test-method signature="OpenUrl()[pri:0, instance:CustomerCreate.CustomerCreate.CustomerCreate@44c03695]" started-at="2024-09-20T16:40:33 IST" name="OpenUrl" finished-at="2024-09-20T16:40:37 IST" duration-ms="4066" status="PASS">
          <reporter-output>
          </reporter-output>
        </test-method> <!-- OpenUrl -->
        <test-method is-config="true" signature="tearDown()[pri:0, instance:CustomerCreate.CustomerCreate.CustomerCreate@44c03695]" started-at="2024-09-20T16:40:37 IST" name="tearDown" finished-at="2024-09-20T16:40:40 IST" duration-ms="2451" status="PASS">
          <reporter-output>
          </reporter-output>
        </test-method> <!-- tearDown -->
      </class> <!-- CustomerCreate.CustomerCreate.CustomerCreate -->
    </test> <!-- Default test -->
  </suite> <!-- Default suite -->
</testng-results>
